<?xml version="1.0" encoding="UTF-8"?>
<testsuite name="test_register_order_tests.TestRegisterOrder-20230426113808" tests="3" file="test_register_order_tests.py" time="0.087" timestamp="2023-04-26T11:38:09" failures="0" errors="0" skipped="0">
	<testcase classname="test_register_order_tests.TestRegisterOrder" name="test__duplicate_valid_order_id" time="0.008" timestamp="2023-04-26T11:38:09"/>
	<testcase classname="test_register_order_tests.TestRegisterOrder" name="test_parametrized_not_valid_request_vaccination" time="0.052" timestamp="2023-04-26T11:38:09"/>
	<testcase classname="test_register_order_tests.TestRegisterOrder" name="test_parametrized_valid_request_vaccination" time="0.027" timestamp="2023-04-26T11:38:09"/>
</testsuite>
