<?xml version="1.0" encoding="UTF-8"?>
<testsuite name="test_register_order_tests.TestRegisterOrder-20230426113807" tests="3" file="test_register_order_tests.py" time="0.080" timestamp="2023-04-26T11:38:08" failures="0" errors="0" skipped="0">
	<testcase classname="test_register_order_tests.TestRegisterOrder" name="test__duplicate_valid_order_id" time="0.007" timestamp="2023-04-26T11:38:08"/>
	<testcase classname="test_register_order_tests.TestRegisterOrder" name="test_parametrized_not_valid_request_vaccination" time="0.049" timestamp="2023-04-26T11:38:08"/>
	<testcase classname="test_register_order_tests.TestRegisterOrder" name="test_parametrized_valid_request_vaccination" time="0.023" timestamp="2023-04-26T11:38:08"/>
</testsuite>
