<?xml version="1.0" encoding="UTF-8"?>
<testsuite name="test_send_product_tests.TestSendProduct-20230426113807" tests="4" file="test_send_product_tests.py" time="0.204" timestamp="2023-04-26T11:38:08" failures="0" errors="0" skipped="0">
	<testcase classname="test_send_product_tests.TestSendProduct" name="test_get_vaccine_date_no_ok_data_manipulated" time="0.020" timestamp="2023-04-26T11:38:08"/>
	<testcase classname="test_send_product_tests.TestSendProduct" name="test_get_vaccine_date_no_ok_parameter" time="0.168" timestamp="2023-04-26T11:38:08"/>
	<testcase classname="test_send_product_tests.TestSendProduct" name="test_send_product_premium" time="0.009" timestamp="2023-04-26T11:38:08"/>
	<testcase classname="test_send_product_tests.TestSendProduct" name="test_send_product_regular" time="0.007" timestamp="2023-04-26T11:38:08"/>
</testsuite>
