<?xml version="1.0" encoding="UTF-8"?>
<testsuite name="test_deliver_product_tests.TestDeliverProduct-20230426113807" tests="6" file="test_deliver_product_tests.py" time="0.047" timestamp="2023-04-26T11:38:08" failures="0" errors="0" skipped="0">
	<testcase classname="test_deliver_product_tests.TestDeliverProduct" name="test_deliver_product_bad_date_signature" time="0.014" timestamp="2023-04-26T11:38:08"/>
	<testcase classname="test_deliver_product_tests.TestDeliverProduct" name="test_deliver_product_no_date" time="0.006" timestamp="2023-04-26T11:38:08"/>
	<testcase classname="test_deliver_product_tests.TestDeliverProduct" name="test_deliver_product_no_shipments_store" time="0.006" timestamp="2023-04-26T11:38:08"/>
	<testcase classname="test_deliver_product_tests.TestDeliverProduct" name="test_deliver_product_ok" time="0.006" timestamp="2023-04-26T11:38:08"/>
	<testcase classname="test_deliver_product_tests.TestDeliverProduct" name="test_deliver_product_shipments_store_is_empty" time="0.006" timestamp="2023-04-26T11:38:08"/>
	<testcase classname="test_deliver_product_tests.TestDeliverProduct" name="test_tracking_code_not_found_date_signature" time="0.008" timestamp="2023-04-26T11:38:08"/>
</testsuite>
