<?xml version="1.0" encoding="UTF-8"?>
<testsuite name="test_send_product_tests.MyTestCase-20230331195851" tests="9" file="test_send_product_tests.py" time="0.073" timestamp="2023-03-31T19:58:52" failures="0" errors="0" skipped="0">
	<testcase classname="test_send_product_tests.MyTestCase" name="test_f3_NVt1" time="0.012" timestamp="2023-03-31T19:58:52"/>
	<testcase classname="test_send_product_tests.MyTestCase" name="test_f3_NVt2" time="0.008" timestamp="2023-03-31T19:58:52"/>
	<testcase classname="test_send_product_tests.MyTestCase" name="test_f3_NVt3" time="0.008" timestamp="2023-03-31T19:58:52"/>
	<testcase classname="test_send_product_tests.MyTestCase" name="test_f3_NVt4" time="0.008" timestamp="2023-03-31T19:58:52"/>
	<testcase classname="test_send_product_tests.MyTestCase" name="test_f3_NVt5" time="0.008" timestamp="2023-03-31T19:58:52"/>
	<testcase classname="test_send_product_tests.MyTestCase" name="test_f3_Vt1" time="0.008" timestamp="2023-03-31T19:58:52"/>
	<testcase classname="test_send_product_tests.MyTestCase" name="test_f3_Vt2" time="0.008" timestamp="2023-03-31T19:58:52"/>
	<testcase classname="test_send_product_tests.MyTestCase" name="test_f3_vt5" time="0.007" timestamp="2023-03-31T19:58:52"/>
	<testcase classname="test_send_product_tests.MyTestCase" name="test_f3_vt6" time="0.007" timestamp="2023-03-31T19:58:52"/>
</testsuite>
