<?xml version="1.0" encoding="UTF-8"?>
<testsuite name="test_send_code_tests.MyTestCase-20230331195851" tests="57" file="test_send_code_tests.py" time="0.492" timestamp="2023-03-31T19:58:53" failures="0" errors="0" skipped="0">
	<testcase classname="test_send_code_tests.MyTestCase" name="test_f2_NVt1" time="0.007" timestamp="2023-03-31T19:58:52"/>
	<testcase classname="test_send_code_tests.MyTestCase" name="test_f2_NVt10" time="0.006" timestamp="2023-03-31T19:58:52"/>
	<testcase classname="test_send_code_tests.MyTestCase" name="test_f2_NVt11" time="0.007" timestamp="2023-03-31T19:58:52"/>
	<testcase classname="test_send_code_tests.MyTestCase" name="test_f2_NVt12" time="0.007" timestamp="2023-03-31T19:58:52"/>
	<testcase classname="test_send_code_tests.MyTestCase" name="test_f2_NVt13" time="0.008" timestamp="2023-03-31T19:58:52"/>
	<testcase classname="test_send_code_tests.MyTestCase" name="test_f2_NVt2" time="0.007" timestamp="2023-03-31T19:58:52"/>
	<testcase classname="test_send_code_tests.MyTestCase" name="test_f2_NVt3" time="0.007" timestamp="2023-03-31T19:58:52"/>
	<testcase classname="test_send_code_tests.MyTestCase" name="test_f2_NVt4" time="0.007" timestamp="2023-03-31T19:58:52"/>
	<testcase classname="test_send_code_tests.MyTestCase" name="test_f2_NVt5" time="0.007" timestamp="2023-03-31T19:58:52"/>
	<testcase classname="test_send_code_tests.MyTestCase" name="test_f2_NVt6" time="0.007" timestamp="2023-03-31T19:58:52"/>
	<testcase classname="test_send_code_tests.MyTestCase" name="test_f2_NVt7" time="0.008" timestamp="2023-03-31T19:58:52"/>
	<testcase classname="test_send_code_tests.MyTestCase" name="test_f2_NVt8" time="0.007" timestamp="2023-03-31T19:58:52"/>
	<testcase classname="test_send_code_tests.MyTestCase" name="test_f2_NVt9" time="0.009" timestamp="2023-03-31T19:58:52"/>
	<testcase classname="test_send_code_tests.MyTestCase" name="test_f2_Vt1" time="0.010" timestamp="2023-03-31T19:58:52"/>
	<testcase classname="test_send_code_tests.MyTestCase" name="test_f2_nvt14" time="0.009" timestamp="2023-03-31T19:58:52"/>
	<testcase classname="test_send_code_tests.MyTestCase" name="test_f2_nvt15" time="0.009" timestamp="2023-03-31T19:58:52"/>
	<testcase classname="test_send_code_tests.MyTestCase" name="test_f2_nvt16" time="0.008" timestamp="2023-03-31T19:58:52"/>
	<testcase classname="test_send_code_tests.MyTestCase" name="test_f2_nvt17" time="0.008" timestamp="2023-03-31T19:58:52"/>
	<testcase classname="test_send_code_tests.MyTestCase" name="test_f2_nvt18" time="0.008" timestamp="2023-03-31T19:58:52"/>
	<testcase classname="test_send_code_tests.MyTestCase" name="test_f2_nvt19" time="0.009" timestamp="2023-03-31T19:58:52"/>
	<testcase classname="test_send_code_tests.MyTestCase" name="test_f2_nvt20" time="0.008" timestamp="2023-03-31T19:58:52"/>
	<testcase classname="test_send_code_tests.MyTestCase" name="test_f2_nvt21" time="0.008" timestamp="2023-03-31T19:58:52"/>
	<testcase classname="test_send_code_tests.MyTestCase" name="test_f2_nvt22" time="0.009" timestamp="2023-03-31T19:58:52"/>
	<testcase classname="test_send_code_tests.MyTestCase" name="test_f2_nvt23" time="0.008" timestamp="2023-03-31T19:58:52"/>
	<testcase classname="test_send_code_tests.MyTestCase" name="test_f2_nvt24" time="0.008" timestamp="2023-03-31T19:58:53"/>
	<testcase classname="test_send_code_tests.MyTestCase" name="test_f2_nvt25" time="0.007" timestamp="2023-03-31T19:58:53"/>
	<testcase classname="test_send_code_tests.MyTestCase" name="test_f2_nvt26" time="0.009" timestamp="2023-03-31T19:58:53"/>
	<testcase classname="test_send_code_tests.MyTestCase" name="test_f2_nvt27" time="0.008" timestamp="2023-03-31T19:58:53"/>
	<testcase classname="test_send_code_tests.MyTestCase" name="test_f2_nvt28" time="0.009" timestamp="2023-03-31T19:58:53"/>
	<testcase classname="test_send_code_tests.MyTestCase" name="test_f2_nvt29" time="0.009" timestamp="2023-03-31T19:58:53"/>
	<testcase classname="test_send_code_tests.MyTestCase" name="test_f2_nvt30" time="0.009" timestamp="2023-03-31T19:58:53"/>
	<testcase classname="test_send_code_tests.MyTestCase" name="test_f2_nvt31" time="0.009" timestamp="2023-03-31T19:58:53"/>
	<testcase classname="test_send_code_tests.MyTestCase" name="test_f2_nvt32" time="0.008" timestamp="2023-03-31T19:58:53"/>
	<testcase classname="test_send_code_tests.MyTestCase" name="test_f2_nvt33" time="0.007" timestamp="2023-03-31T19:58:53"/>
	<testcase classname="test_send_code_tests.MyTestCase" name="test_f2_nvt34" time="0.008" timestamp="2023-03-31T19:58:53"/>
	<testcase classname="test_send_code_tests.MyTestCase" name="test_f2_nvt35" time="0.008" timestamp="2023-03-31T19:58:53"/>
	<testcase classname="test_send_code_tests.MyTestCase" name="test_f2_nvt36" time="0.011" timestamp="2023-03-31T19:58:53"/>
	<testcase classname="test_send_code_tests.MyTestCase" name="test_f2_nvt37" time="0.012" timestamp="2023-03-31T19:58:53"/>
	<testcase classname="test_send_code_tests.MyTestCase" name="test_f2_nvt38" time="0.011" timestamp="2023-03-31T19:58:53"/>
	<testcase classname="test_send_code_tests.MyTestCase" name="test_f2_nvt39" time="0.012" timestamp="2023-03-31T19:58:53"/>
	<testcase classname="test_send_code_tests.MyTestCase" name="test_f2_nvt40" time="0.014" timestamp="2023-03-31T19:58:53"/>
	<testcase classname="test_send_code_tests.MyTestCase" name="test_f2_nvt41" time="0.012" timestamp="2023-03-31T19:58:53"/>
	<testcase classname="test_send_code_tests.MyTestCase" name="test_f2_nvt42" time="0.010" timestamp="2023-03-31T19:58:53"/>
	<testcase classname="test_send_code_tests.MyTestCase" name="test_f2_nvt43" time="0.010" timestamp="2023-03-31T19:58:53"/>
	<testcase classname="test_send_code_tests.MyTestCase" name="test_f2_nvt44" time="0.010" timestamp="2023-03-31T19:58:53"/>
	<testcase classname="test_send_code_tests.MyTestCase" name="test_f2_nvt45" time="0.010" timestamp="2023-03-31T19:58:53"/>
	<testcase classname="test_send_code_tests.MyTestCase" name="test_f2_nvt46" time="0.010" timestamp="2023-03-31T19:58:53"/>
	<testcase classname="test_send_code_tests.MyTestCase" name="test_f2_nvt47" time="0.010" timestamp="2023-03-31T19:58:53"/>
	<testcase classname="test_send_code_tests.MyTestCase" name="test_f2_nvt48" time="0.009" timestamp="2023-03-31T19:58:53"/>
	<testcase classname="test_send_code_tests.MyTestCase" name="test_f2_nvt49" time="0.009" timestamp="2023-03-31T19:58:53"/>
	<testcase classname="test_send_code_tests.MyTestCase" name="test_f2_nvt50" time="0.009" timestamp="2023-03-31T19:58:53"/>
	<testcase classname="test_send_code_tests.MyTestCase" name="test_f2_nvt51" time="0.009" timestamp="2023-03-31T19:58:53"/>
	<testcase classname="test_send_code_tests.MyTestCase" name="test_f2_nvt52" time="0.008" timestamp="2023-03-31T19:58:53"/>
	<testcase classname="test_send_code_tests.MyTestCase" name="test_f2_nvt53" time="0.008" timestamp="2023-03-31T19:58:53"/>
	<testcase classname="test_send_code_tests.MyTestCase" name="test_f2_vt2" time="0.011" timestamp="2023-03-31T19:58:53"/>
	<testcase classname="test_send_code_tests.MyTestCase" name="test_f2_vt3" time="0.009" timestamp="2023-03-31T19:58:53"/>
	<testcase classname="test_send_code_tests.MyTestCase" name="test_f2_vt4" time="0.007" timestamp="2023-03-31T19:58:53"/>
</testsuite>
